#
# There is insufficient memory for the Java Runtime Environment to continue.
# Native memory allocation (malloc) failed to allocate 32744 bytes for ChunkPool::allocate
# Possible reasons:
#   The system is out of physical RAM or swap space
#   In 32 bit mode, the process size limit was hit
# Possible solutions:
#   Reduce memory load on the system
#   Increase physical memory or swap space
#   Check if swap backing store is full
#   Use 64 bit Java on a 64 bit OS
#   Decrease Java heap size (-Xmx/-Xms)
#   Decrease number of Java threads
#   Decrease Java thread stack sizes (-Xss)
#   Set larger code cache with -XX:ReservedCodeCacheSize=
# This output file may be truncated or incomplete.
#
#  Out of Memory Error (allocation.cpp:273), pid=6536, tid=0x0000000000001c38
#
# JRE version: OpenJDK Runtime Environment (8.0_76-b03) (build 1.8.0_76-release-b03)
# Java VM: OpenJDK 64-Bit Server VM (25.76-b03 mixed mode windows-amd64 compressed oops)
# Failed to write core dump. Minidumps are not enabled by default on client versions of Windows
#

---------------  T H R E A D  ---------------

Current thread (0x000000001605b800):  JavaThread "C2 CompilerThread0" daemon [_thread_in_native, id=7224, stack(0x00000000176b0000,0x00000000177b0000)]

Stack: [0x00000000176b0000,0x00000000177b0000]
[error occurred during error reporting (printing stack bounds), id 0xc0000005]

Native frames: (J=compiled Java code, j=interpreted, Vv=VM code, C=native code)


Current CompileTask:
C2: 591967 9226   !   4       java.io.ObjectOutputStream::writeObject0 (619 bytes)


---------------  P R O C E S S  ---------------

Java Threads: ( => current thread )
  0x000000001afec000 JavaThread "Stdin handler" [_thread_blocked, id=1516, stack(0x0000000023b40000,0x0000000023c40000)]
  0x000000001afe9800 JavaThread "Asynchronous log dispatcher for org.gradle.launcher.daemon.server.DefaultDaemonConnection@3382acd7" [_thread_blocked, id=1336, stack(0x0000000023a40000,0x0000000023b40000)]
  0x000000001afe8800 JavaThread "Cancel handler" [_thread_blocked, id=2088, stack(0x0000000022920000,0x0000000022a20000)]
  0x000000001afec800 JavaThread "Handler for socket connection from /127.0.0.1:52798 to /127.0.0.1:52822" [_thread_in_native, id=5296, stack(0x0000000022820000,0x0000000022920000)]
  0x000000001afef000 JavaThread "Daemon worker Thread 2" [_thread_in_native, id=6996, stack(0x0000000022520000,0x0000000022620000)]
  0x000000001afee000 JavaThread "Daemon Thread 2" [_thread_blocked, id=6740, stack(0x0000000022220000,0x0000000022320000)]
  0x000000001920a000 JavaThread "File lock request listener" [_thread_in_native, id=360, stack(0x000000001bbc0000,0x000000001bcc0000)]
  0x0000000018272000 JavaThread "pool-1-thread-1" [_thread_blocked, id=7296, stack(0x0000000019ef0000,0x0000000019ff0000)]
  0x0000000018715800 JavaThread "Incoming local TCP Connector on port 52798" [_thread_in_native, id=7732, stack(0x0000000019ac0000,0x0000000019bc0000)]
  0x00000000179ce000 JavaThread "Service Thread" daemon [_thread_blocked, id=7800, stack(0x0000000017db0000,0x0000000017eb0000)]
  0x0000000016064000 JavaThread "C1 CompilerThread2" daemon [_thread_in_vm, id=6092, stack(0x00000000178b0000,0x00000000179b0000)]
  0x000000001605e800 JavaThread "C2 CompilerThread1" daemon [_thread_in_native, id=4352, stack(0x00000000177b0000,0x00000000178b0000)]
=>0x000000001605b800 JavaThread "C2 CompilerThread0" daemon [_thread_in_native, id=7224, stack(0x00000000176b0000,0x00000000177b0000)]
  0x0000000016059800 JavaThread "Attach Listener" daemon [_thread_blocked, id=1580, stack(0x00000000175b0000,0x00000000176b0000)]
  0x0000000016058800 JavaThread "Signal Dispatcher" daemon [_thread_blocked, id=3520, stack(0x00000000174b0000,0x00000000175b0000)]
  0x00000000026eb000 JavaThread "Finalizer" daemon [_thread_blocked, id=2204, stack(0x00000000172c0000,0x00000000173c0000)]
  0x00000000026e0000 JavaThread "Reference Handler" daemon [_thread_blocked, id=7888, stack(0x00000000171c0000,0x00000000172c0000)]
  0x00000000025f3000 JavaThread "main" [_thread_blocked, id=6660, stack(0x00000000024f0000,0x00000000025f0000)]

Other Threads:
  0x0000000016025800 VMThread [stack: 0x00000000170c0000,0x00000000171c0000] [id=3492]
  0x00000000179cf800 WatcherThread [stack: 0x0000000017eb0000,0x0000000017fb0000] [id=3532]

VM state:not at safepoint (normal execution)

VM Mutex/Monitor currently owned by a thread: None

Heap:
 PSYoungGen      total 129024K, used 108953K [0x00000000e0000000, 0x00000000e8800000, 0x0000000100000000)
  eden space 118784K, 91% used [0x00000000e0000000,0x00000000e6a666f8,0x00000000e7400000)
  from space 10240K, 0% used [0x00000000e7e00000,0x00000000e7e00000,0x00000000e8800000)
  to   space 10240K, 0% used [0x00000000e7400000,0x00000000e7400000,0x00000000e7e00000)
 ParOldGen       total 53248K, used 48094K [0x00000000a0000000, 0x00000000a3400000, 0x00000000e0000000)
  object space 53248K, 90% used [0x00000000a0000000,0x00000000a2ef7b58,0x00000000a3400000)
 Metaspace       used 56788K, capacity 59514K, committed 59824K, reserved 1101824K
  class space    used 7665K, capacity 8272K, committed 8368K, reserved 1048576K

Card table byte_map: [0x0000000011ab0000,0x0000000011dc0000] byte_map_base: 0x00000000115b0000

Marking Bits: (ParMarkBitMap*) 0x0000000062899d00
 Begin Bits: [0x00000000123c0000, 0x0000000013bc0000)
 End Bits:   [0x0000000013bc0000, 0x00000000153c0000)

Polling page: 0x0000000002410000

CodeCache: size=245760Kb used=28067Kb max_used=28076Kb free=217692Kb
 bounds [0x00000000026f0000, 0x0000000004280000, 0x00000000116f0000]
 total_blobs=8677 nmethods=7968 adapters=621
 compilation: enabled

Compilation events (10 events):
Event: 591.673 Thread 0x0000000016064000 nmethod 9221 0x0000000004278810 code [0x0000000004278ac0, 0x0000000004279bd8]
Event: 591.674 Thread 0x0000000016064000 9223       3       org.gradle.api.tasks.util.internal.PatternSets$PatternSetFactory::create (5 bytes)
Event: 591.675 Thread 0x0000000016064000 nmethod 9223 0x0000000004278250 code [0x00000000042783c0, 0x00000000042786e8]
Event: 591.676 Thread 0x000000001605b800 9224  s    4       sun.nio.fs.WindowsDirectoryStream$WindowsDirectoryIterator::hasNext (35 bytes)
Event: 591.680 Thread 0x000000001605b800 nmethod 9224 0x0000000004274c10 code [0x0000000004274d60, 0x00000000042750a8]
Event: 591.730 Thread 0x0000000016064000 9225   !   3       org.gradle.api.internal.file.collections.DefaultFileCollectionResolveContext::resolveNested (47 bytes)
Event: 591.731 Thread 0x0000000016064000 nmethod 9225 0x0000000004274590 code [0x0000000004274700, 0x0000000004274a98]
Event: 591.732 Thread 0x000000001605b800 9226   !   4       java.io.ObjectOutputStream::writeObject0 (619 bytes)
Event: 591.733 Thread 0x0000000016064000 9227       1       java.io.InputStream::close (1 bytes)
Event: 591.733 Thread 0x0000000016064000 nmethod 9227 0x0000000004277f90 code [0x00000000042780e0, 0x00000000042781f0]

GC Heap History (10 events):
Event: 51.606 GC heap before
{Heap before GC invocations=24 (full 3):
 PSYoungGen      total 105984K, used 5227K [0x00000000e0000000, 0x00000000e7600000, 0x0000000100000000)
  eden space 94208K, 0% used [0x00000000e0000000,0x00000000e0000000,0x00000000e5c00000)
  from space 11776K, 44% used [0x00000000e5c00000,0x00000000e611ad10,0x00000000e6780000)
  to   space 11264K, 0% used [0x00000000e6b00000,0x00000000e6b00000,0x00000000e7600000)
 ParOldGen       total 53248K, used 38946K [0x00000000a0000000, 0x00000000a3400000, 0x00000000e0000000)
  object space 53248K, 73% used [0x00000000a0000000,0x00000000a2608b08,0x00000000a3400000)
 Metaspace       used 51782K, capacity 53786K, committed 53936K, reserved 1095680K
  class space    used 7086K, capacity 7552K, committed 7600K, reserved 1048576K
Event: 52.301 GC heap after
Heap after GC invocations=24 (full 3):
 PSYoungGen      total 105984K, used 0K [0x00000000e0000000, 0x00000000e7600000, 0x0000000100000000)
  eden space 94208K, 0% used [0x00000000e0000000,0x00000000e0000000,0x00000000e5c00000)
  from space 11776K, 0% used [0x00000000e5c00000,0x00000000e5c00000,0x00000000e6780000)
  to   space 11264K, 0% used [0x00000000e6b00000,0x00000000e6b00000,0x00000000e7600000)
 ParOldGen       total 53248K, used 40227K [0x00000000a0000000, 0x00000000a3400000, 0x00000000e0000000)
  object space 53248K, 75% used [0x00000000a0000000,0x00000000a2748de8,0x00000000a3400000)
 Metaspace       used 51782K, capacity 53786K, committed 53936K, reserved 1095680K
  class space    used 7086K, capacity 7552K, committed 7600K, reserved 1048576K
}
Event: 68.216 GC heap before
{Heap before GC invocations=25 (full 3):
 PSYoungGen      total 105984K, used 94208K [0x00000000e0000000, 0x00000000e7600000, 0x0000000100000000)
  eden space 94208K, 100% used [0x00000000e0000000,0x00000000e5c00000,0x00000000e5c00000)
  from space 11776K, 0% used [0x00000000e5c00000,0x00000000e5c00000,0x00000000e6780000)
  to   space 11264K, 0% used [0x00000000e6b00000,0x00000000e6b00000,0x00000000e7600000)
 ParOldGen       total 53248K, used 40227K [0x00000000a0000000, 0x00000000a3400000, 0x00000000e0000000)
  object space 53248K, 75% used [0x00000000a0000000,0x00000000a2748de8,0x00000000a3400000)
 Metaspace       used 52276K, capacity 54408K, committed 54448K, reserved 1095680K
  class space    used 7116K, capacity 7585K, committed 7600K, reserved 1048576K
Event: 68.228 GC heap after
Heap after GC invocations=25 (full 3):
 PSYoungGen      total 110080K, used 3328K [0x00000000e0000000, 0x00000000e8600000, 0x0000000100000000)
  eden space 98816K, 0% used [0x00000000e0000000,0x00000000e0000000,0x00000000e6080000)
  from space 11264K, 29% used [0x00000000e6b00000,0x00000000e6e40000,0x00000000e7600000)
  to   space 10752K, 0% used [0x00000000e6080000,0x00000000e6080000,0x00000000e6b00000)
 ParOldGen       total 53248K, used 40235K [0x00000000a0000000, 0x00000000a3400000, 0x00000000e0000000)
  object space 53248K, 75% used [0x00000000a0000000,0x00000000a274ade8,0x00000000a3400000)
 Metaspace       used 52276K, capacity 54408K, committed 54448K, reserved 1095680K
  class space    used 7116K, capacity 7585K, committed 7600K, reserved 1048576K
}
Event: 553.769 GC heap before
{Heap before GC invocations=26 (full 3):
 PSYoungGen      total 110080K, used 102144K [0x00000000e0000000, 0x00000000e8600000, 0x0000000100000000)
  eden space 98816K, 100% used [0x00000000e0000000,0x00000000e6080000,0x00000000e6080000)
  from space 11264K, 29% used [0x00000000e6b00000,0x00000000e6e40000,0x00000000e7600000)
  to   space 10752K, 0% used [0x00000000e6080000,0x00000000e6080000,0x00000000e6b00000)
 ParOldGen       total 53248K, used 40235K [0x00000000a0000000, 0x00000000a3400000, 0x00000000e0000000)
  object space 53248K, 75% used [0x00000000a0000000,0x00000000a274ade8,0x00000000a3400000)
 Metaspace       used 54955K, capacity 57224K, committed 57392K, reserved 1099776K
  class space    used 7435K, capacity 7958K, committed 7984K, reserved 1048576K
Event: 553.789 GC heap after
Heap after GC invocations=26 (full 3):
 PSYoungGen      total 109568K, used 5076K [0x00000000e0000000, 0x00000000e8800000, 0x0000000100000000)
  eden space 98816K, 0% used [0x00000000e0000000,0x00000000e0000000,0x00000000e6080000)
  from space 10752K, 47% used [0x00000000e6080000,0x00000000e65751f0,0x00000000e6b00000)
  to   space 10240K, 0% used [0x00000000e7e00000,0x00000000e7e00000,0x00000000e8800000)
 ParOldGen       total 53248K, used 40563K [0x00000000a0000000, 0x00000000a3400000, 0x00000000e0000000)
  object space 53248K, 76% used [0x00000000a0000000,0x00000000a279cde8,0x00000000a3400000)
 Metaspace       used 54955K, capacity 57224K, committed 57392K, reserved 1099776K
  class space    used 7435K, capacity 7958K, committed 7984K, reserved 1048576K
}
Event: 563.144 GC heap before
{Heap before GC invocations=27 (full 3):
 PSYoungGen      total 109568K, used 92283K [0x00000000e0000000, 0x00000000e8800000, 0x0000000100000000)
  eden space 98816K, 88% used [0x00000000e0000000,0x00000000e5529ba0,0x00000000e6080000)
  from space 10752K, 47% used [0x00000000e6080000,0x00000000e65751f0,0x00000000e6b00000)
  to   space 10240K, 0% used [0x00000000e7e00000,0x00000000e7e00000,0x00000000e8800000)
 ParOldGen       total 53248K, used 40563K [0x00000000a0000000, 0x00000000a3400000, 0x00000000e0000000)
  object space 53248K, 76% used [0x00000000a0000000,0x00000000a279cde8,0x00000000a3400000)
 Metaspace       used 56431K, capacity 59032K, committed 59312K, reserved 1099776K
  class space    used 7642K, capacity 8241K, committed 8368K, reserved 1048576K
Event: 563.182 GC heap after
Heap after GC invocations=27 (full 3):
 PSYoungGen      total 129024K, used 5411K [0x00000000e0000000, 0x00000000e8800000, 0x0000000100000000)
  eden space 118784K, 0% used [0x00000000e0000000,0x00000000e0000000,0x00000000e7400000)
  from space 10240K, 52% used [0x00000000e7e00000,0x00000000e8348f70,0x00000000e8800000)
  to   space 10240K, 0% used [0x00000000e7400000,0x00000000e7400000,0x00000000e7e00000)
 ParOldGen       total 53248K, used 43411K [0x00000000a0000000, 0x00000000a3400000, 0x00000000e0000000)
  object space 53248K, 81% used [0x00000000a0000000,0x00000000a2a64ef8,0x00000000a3400000)
 Metaspace       used 56431K, capacity 59032K, committed 59312K, reserved 1099776K
  class space    used 7642K, capacity 8241K, committed 8368K, reserved 1048576K
}
Event: 563.182 GC heap before
{Heap before GC invocations=28 (full 4):
 PSYoungGen      total 129024K, used 5411K [0x00000000e0000000, 0x00000000e8800000, 0x0000000100000000)
  eden space 118784K, 0% used [0x00000000e0000000,0x00000000e0000000,0x00000000e7400000)
  from space 10240K, 52% used [0x00000000e7e00000,0x00000000e8348f70,0x00000000e8800000)
  to   space 10240K, 0% used [0x00000000e7400000,0x00000000e7400000,0x00000000e7e00000)
 ParOldGen       total 53248K, used 43411K [0x00000000a0000000, 0x00000000a3400000, 0x00000000e0000000)
  object space 53248K, 81% used [0x00000000a0000000,0x00000000a2a64ef8,0x00000000a3400000)
 Metaspace       used 56431K, capacity 59032K, committed 59312K, reserved 1099776K
  class space    used 7642K, capacity 8241K, committed 8368K, reserved 1048576K
Event: 564.257 GC heap after
Heap after GC invocations=28 (full 4):
 PSYoungGen      total 129024K, used 0K [0x00000000e0000000, 0x00000000e8800000, 0x0000000100000000)
  eden space 118784K, 0% used [0x00000000e0000000,0x00000000e0000000,0x00000000e7400000)
  from space 10240K, 0% used [0x00000000e7e00000,0x00000000e7e00000,0x00000000e8800000)
  to   space 10240K, 0% used [0x00000000e7400000,0x00000000e7400000,0x00000000e7e00000)
 ParOldGen       total 53248K, used 48094K [0x00000000a0000000, 0x00000000a3400000, 0x00000000e0000000)
  object space 53248K, 90% used [0x00000000a0000000,0x00000000a2ef7b58,0x00000000a3400000)
 Metaspace       used 56431K, capacity 59032K, committed 59312K, reserved 1099776K
  class space    used 7642K, capacity 8241K, committed 8368K, reserved 1048576K
}

Deoptimization events (10 events):
Event: 555.839 Thread 0x000000001afef000 Uncommon trap: reason=null_check action=make_not_entrant pc=0x0000000002a1a170 method=sun.nio.fs.NativeBuffers.getNativeBufferFromCache(I)Lsun/nio/fs/NativeBuffer; @ 6
Event: 555.852 Thread 0x000000001afef000 Uncommon trap: reason=null_check action=make_not_entrant pc=0x0000000002a1eb04 method=sun.nio.fs.NativeBuffers.releaseNativeBuffer(Lsun/nio/fs/NativeBuffer;)V @ 6
Event: 559.631 Thread 0x000000001afef000 Uncommon trap: reason=class_check action=maybe_recompile pc=0x00000000031e0b84 method=sun.misc.URLClassPath.findResource(Ljava/lang/String;Z)Ljava/net/URL; @ 26
Event: 559.679 Thread 0x000000001afef000 Uncommon trap: reason=class_check action=maybe_recompile pc=0x00000000031e0b84 method=sun.misc.URLClassPath.findResource(Ljava/lang/String;Z)Ljava/net/URL; @ 26
Event: 561.479 Thread 0x000000001afef000 Uncommon trap: reason=class_check action=maybe_recompile pc=0x00000000036c9ea4 method=sun.misc.URLClassPath$1.next()Z @ 46
Event: 563.002 Thread 0x000000001afef000 Uncommon trap: reason=unstable_if action=reinterpret pc=0x0000000003badda8 method=java.io.ObjectOutputStream.writeObject0(Ljava/lang/Object;Z)V @ 105
Event: 564.257 Thread 0x00000000026e0000 Uncommon trap: reason=unstable_if action=reinterpret pc=0x0000000002c6a834 method=java.lang.ref.Reference.tryHandlePending(Z)Z @ 20
Event: 591.047 Thread 0x000000001afef000 Uncommon trap: reason=class_check action=maybe_recompile pc=0x0000000002f4b558 method=java.util.concurrent.ConcurrentHashMap.putVal(Ljava/lang/Object;Ljava/lang/Object;Z)Ljava/lang/Object; @ 192
Event: 591.667 Thread 0x000000001afef000 Uncommon trap: reason=array_check action=maybe_recompile pc=0x0000000004271f84 method=java.util.TimSort.binarySort([Ljava/lang/Object;IIILjava/util/Comparator;)V @ 193
Event: 591.683 Thread 0x000000001afef000 Uncommon trap: reason=array_check action=maybe_recompile pc=0x0000000004271f84 method=java.util.TimSort.binarySort([Ljava/lang/Object;IIILjava/util/Comparator;)V @ 193

Internal exceptions (10 events):
Event: 589.046 Thread 0x000000001afef000 Exception <a 'sun/nio/fs/WindowsException'> (0x00000000e4bd7020) thrown at [C:\src\android\AOSP-openjdk\external\jetbrains\jdk\hotspot\src\share\vm\prims\jni.cpp, line 709]
Event: 589.047 Thread 0x000000001afef000 Exception <a 'sun/nio/fs/WindowsException'> (0x00000000e4bd7bd8) thrown at [C:\src\android\AOSP-openjdk\external\jetbrains\jdk\hotspot\src\share\vm\prims\jni.cpp, line 709]
Event: 589.047 Thread 0x000000001afef000 Exception <a 'sun/nio/fs/WindowsException'> (0x00000000e4bda5b8) thrown at [C:\src\android\AOSP-openjdk\external\jetbrains\jdk\hotspot\src\share\vm\prims\jni.cpp, line 709]
Event: 589.047 Thread 0x000000001afef000 Exception <a 'sun/nio/fs/WindowsException'> (0x00000000e4bdb1a0) thrown at [C:\src\android\AOSP-openjdk\external\jetbrains\jdk\hotspot\src\share\vm\prims\jni.cpp, line 709]
Event: 589.048 Thread 0x000000001afef000 Exception <a 'sun/nio/fs/WindowsException'> (0x00000000e4bdcdb8) thrown at [C:\src\android\AOSP-openjdk\external\jetbrains\jdk\hotspot\src\share\vm\prims\jni.cpp, line 709]
Event: 589.048 Thread 0x000000001afef000 Exception <a 'sun/nio/fs/WindowsException'> (0x00000000e4bdd9e0) thrown at [C:\src\android\AOSP-openjdk\external\jetbrains\jdk\hotspot\src\share\vm\prims\jni.cpp, line 709]
Event: 589.049 Thread 0x000000001afef000 Exception <a 'sun/nio/fs/WindowsException'> (0x00000000e4be0590) thrown at [C:\src\android\AOSP-openjdk\external\jetbrains\jdk\hotspot\src\share\vm\prims\jni.cpp, line 709]
Event: 589.049 Thread 0x000000001afef000 Exception <a 'sun/nio/fs/WindowsException'> (0x00000000e4be11f0) thrown at [C:\src\android\AOSP-openjdk\external\jetbrains\jdk\hotspot\src\share\vm\prims\jni.cpp, line 709]
Event: 589.049 Thread 0x000000001afef000 Exception <a 'sun/nio/fs/WindowsException'> (0x00000000e4be2e80) thrown at [C:\src\android\AOSP-openjdk\external\jetbrains\jdk\hotspot\src\share\vm\prims\jni.cpp, line 709]
Event: 589.049 Thread 0x000000001afef000 Exception <a 'sun/nio/fs/WindowsException'> (0x00000000e4be3b20) thrown at [C:\src\android\AOSP-openjdk\external\jetbrains\jdk\hotspot\src\share\vm\prims\jni.cpp, line 709]

Events (10 events):
Event: 591.157 loading class com/google/common/collect/MapMaker$RemovalCause$4
Event: 591.157 loading class com/google/common/collect/MapMaker$RemovalCause$4 done
Event: 591.158 loading class com/google/common/collect/MapMaker$RemovalCause$5
Event: 591.158 loading class com/google/common/collect/MapMaker$RemovalCause$5 done
Event: 591.667 Thread 0x000000001afef000 Uncommon trap: trap_request=0xffffffd6 fr.pc=0x0000000004271f84
Event: 591.667 Thread 0x000000001afef000 DEOPT PACKING pc=0x0000000004271f84 sp=0x000000002261c890
Event: 591.667 Thread 0x000000001afef000 DEOPT UNPACKING pc=0x000000000273556a sp=0x000000002261c830 mode 2
Event: 591.683 Thread 0x000000001afef000 Uncommon trap: trap_request=0xffffffd6 fr.pc=0x0000000004271f84
Event: 591.683 Thread 0x000000001afef000 DEOPT PACKING pc=0x0000000004271f84 sp=0x000000002261c890
Event: 591.683 Thread 0x000000001afef000 DEOPT UNPACKING pc=0x000000000273556a sp=0x000000002261c830 mode 2


Dynamic libraries:
0x00007ff645f70000 - 0x00007ff645fa1000 	C:\Program Files\Android\Android Studio\jre\bin\java.exe
0x00007ffc24200000 - 0x00007ffc243d2000 	C:\WINDOWS\SYSTEM32\ntdll.dll
0x00007ffc21950000 - 0x00007ffc219fc000 	C:\WINDOWS\System32\KERNEL32.DLL
0x00007ffc20810000 - 0x00007ffc20a2d000 	C:\WINDOWS\System32\KERNELBASE.dll
0x00007ffc22010000 - 0x00007ffc220b2000 	C:\WINDOWS\System32\ADVAPI32.dll
0x00007ffc24160000 - 0x00007ffc241fe000 	C:\WINDOWS\System32\msvcrt.dll
0x00007ffc23c60000 - 0x00007ffc23cb9000 	C:\WINDOWS\System32\sechost.dll
0x00007ffc23f40000 - 0x00007ffc24061000 	C:\WINDOWS\System32\RPCRT4.dll
0x00007ffc22310000 - 0x00007ffc22475000 	C:\WINDOWS\System32\USER32.dll
0x00007ffc21770000 - 0x00007ffc2178e000 	C:\WINDOWS\System32\win32u.dll
0x00007ffc220c0000 - 0x00007ffc220f4000 	C:\WINDOWS\System32\GDI32.dll
0x00007ffc21590000 - 0x00007ffc21710000 	C:\WINDOWS\System32\gdi32full.dll
0x00007ffc18b10000 - 0x00007ffc18d8a000 	C:\WINDOWS\WinSxS\amd64_microsoft.windows.common-controls_6595b64144ccf1df_6.0.14393.953_none_42151e83c686086b\COMCTL32.dll
0x00007ffc22480000 - 0x00007ffc22748000 	C:\WINDOWS\System32\combase.dll
0x00007ffc21160000 - 0x00007ffc21255000 	C:\WINDOWS\System32\ucrtbase.dll
0x00007ffc20700000 - 0x00007ffc2076a000 	C:\WINDOWS\System32\bcryptPrimitives.dll
0x00007ffc24070000 - 0x00007ffc2409e000 	C:\WINDOWS\System32\IMM32.DLL
0x0000000062000000 - 0x00000000620d2000 	C:\Program Files\Android\Android Studio\jre\jre\bin\msvcr100.dll
0x00000000620e0000 - 0x0000000062914000 	C:\Program Files\Android\Android Studio\jre\jre\bin\server\jvm.dll
0x00007ffc23d50000 - 0x00007ffc23d58000 	C:\WINDOWS\System32\PSAPI.DLL
0x00007ffc1e640000 - 0x00007ffc1e649000 	C:\WINDOWS\SYSTEM32\WSOCK32.dll
0x00007ffc1eb00000 - 0x00007ffc1eb23000 	C:\WINDOWS\SYSTEM32\WINMM.dll
0x00007ffc19070000 - 0x00007ffc1907a000 	C:\WINDOWS\SYSTEM32\VERSION.dll
0x00007ffc23ce0000 - 0x00007ffc23d4a000 	C:\WINDOWS\System32\WS2_32.dll
0x00007ffc1ead0000 - 0x00007ffc1eafb000 	C:\WINDOWS\SYSTEM32\WINMMBASE.dll
0x00007ffc20a30000 - 0x00007ffc20a72000 	C:\WINDOWS\System32\cfgmgr32.dll
0x00007ffc1cae0000 - 0x00007ffc1caef000 	C:\Program Files\Android\Android Studio\jre\jre\bin\verify.dll
0x00007ffc1b520000 - 0x00007ffc1b549000 	C:\Program Files\Android\Android Studio\jre\jre\bin\java.dll
0x00007ffc1a060000 - 0x00007ffc1a076000 	C:\Program Files\Android\Android Studio\jre\jre\bin\zip.dll
0x00007ffc22750000 - 0x00007ffc23c58000 	C:\WINDOWS\System32\SHELL32.dll
0x00007ffc20a80000 - 0x00007ffc21158000 	C:\WINDOWS\System32\windows.storage.dll
0x00007ffc206a0000 - 0x00007ffc206ec000 	C:\WINDOWS\System32\powrprof.dll
0x00007ffc21a00000 - 0x00007ffc21a52000 	C:\WINDOWS\System32\shlwapi.dll
0x00007ffc20670000 - 0x00007ffc2067f000 	C:\WINDOWS\System32\kernel.appcore.dll
0x00007ffc21260000 - 0x00007ffc21309000 	C:\WINDOWS\System32\shcore.dll
0x00007ffc20680000 - 0x00007ffc20694000 	C:\WINDOWS\System32\profapi.dll
0x00007ffc19f10000 - 0x00007ffc19f2a000 	C:\Program Files\Android\Android Studio\jre\jre\bin\net.dll
0x00007ffc1ff40000 - 0x00007ffc1ff9c000 	C:\WINDOWS\system32\mswsock.dll
0x00007ffc19d30000 - 0x00007ffc19d41000 	C:\Program Files\Android\Android Studio\jre\jre\bin\nio.dll
0x00007ffc14d00000 - 0x00007ffc14d12000 	C:\Users\Elfari\.gradle\native\19\windows-amd64\native-platform.dll
0x00007ffc200e0000 - 0x00007ffc200f7000 	C:\WINDOWS\SYSTEM32\CRYPTSP.dll
0x00007ffc1fb40000 - 0x00007ffc1fb73000 	C:\WINDOWS\system32\rsaenh.dll
0x00007ffc205c0000 - 0x00007ffc205eb000 	C:\WINDOWS\SYSTEM32\bcrypt.dll
0x00007ffc1fdc0000 - 0x00007ffc1fddf000 	C:\WINDOWS\SYSTEM32\USERENV.dll
0x00007ffc205a0000 - 0x00007ffc205ab000 	C:\WINDOWS\SYSTEM32\CRYPTBASE.dll
0x00007ffc1fcc0000 - 0x00007ffc1fcf8000 	C:\WINDOWS\SYSTEM32\IPHLPAPI.DLL
0x00007ffc23cc0000 - 0x00007ffc23cc8000 	C:\WINDOWS\System32\NSI.dll
0x00007ffc18440000 - 0x00007ffc18456000 	C:\WINDOWS\SYSTEM32\dhcpcsvc6.DLL
0x00007ffc19090000 - 0x00007ffc190aa000 	C:\WINDOWS\SYSTEM32\dhcpcsvc.DLL
0x00007ffc1c170000 - 0x00007ffc1c17d000 	C:\Program Files\Android\Android Studio\jre\jre\bin\management.dll

VM Arguments:
jvm_args: -Xmx1536m -Dfile.encoding=windows-1252 -Duser.country=US -Duser.language=en -Duser.variant 
java_command: org.gradle.launcher.daemon.bootstrap.GradleDaemon 2.14.1
java_class_path (initial): C:\Users\Elfari\.gradle\wrapper\dists\gradle-2.14.1-all\8bnwg5hd3w55iofp58khbp6yv\gradle-2.14.1\lib\gradle-launcher-2.14.1.jar
Launcher Type: SUN_STANDARD

Environment Variables:
PATH=C:\Program Files (x86)\AMD APP\bin\x86_64;C:\Program Files (x86)\AMD APP\bin\x86;C:\ProgramData\Oracle\Java\javapath;C:\WINDOWS\system32;C:\WINDOWS;C:\WINDOWS\System32\Wbem;C:\WINDOWS\System32\WindowsPowerShell\v1.0\;C:\Program Files\Microsoft SQL Server\110\DTS\Binn\;C:\Program Files (x86)\Microsoft SQL Server\110\Tools\Binn\;C:\Program Files\Microsoft SQL Server\110\Tools\Binn\;C:\Program Files (x86)\Microsoft SQL Server\110\Tools\Binn\ManagementStudio\;C:\Program Files (x86)\Microsoft Visual Studio 10.0\Common7\IDE\PrivateAssemblies\;C:\Program Files (x86)\Microsoft SQL Server\110\DTS\Binn\;C:\WINDOWS\system32\config\systemprofile\.dnx\bin;C:\Program Files\Microsoft DNX\Dnvm\;C:\Program Files\Microsoft SQL Server\130\Tools\Binn\;C:\Program Files (x86)\ATI Technologies\ATI.ACE\Core-Static;C:\Program Files\Git\cmd;C:\Program Files (x86)\Rational\ClearQuest;C:\Program Files (x86)\GtkSharp\2.12\bin;C:\Program Files\Java\jdk1.8.0_74\bin;C:\Users\Elfari\AppData\Local\Microsoft\WindowsApps;
USERNAME=Elfari
SHELL=C:\PROGRA~2\RATIONAL\RATION~1\NUTCROOT\mksnt\sh.exe
DISPLAY=:0.0
OS=Windows_NT
PROCESSOR_IDENTIFIER=Intel64 Family 6 Model 42 Stepping 7, GenuineIntel



---------------  S Y S T E M  ---------------

OS: Windows 10.0 , 64 bit Build 14393 (10.0.14393.1198)

CPU:total 4 (2 cores per cpu, 2 threads per core) family 6 model 42 stepping 7, cmov, cx8, fxsr, mmx, sse, sse2, sse3, ssse3, sse4.1, sse4.2, popcnt, avx, aes, clmul, ht, tsc, tscinvbit

Memory: 4k page, physical 4085928k(357736k free), swap 4085928k(4340k free)

vm_info: OpenJDK 64-Bit Server VM (25.76-b03) for windows-amd64 JRE (1.8.0_76-release-b03), built on Jun 29 2016 19:09:20 by "ralucas" with MS VC++ 10.0 (VS2010)

time: Wed Jan 03 21:26:54 2018
elapsed time: 591 seconds (0d 0h 9m 51s)

