#
# There is insufficient memory for the Java Runtime Environment to continue.
# Native memory allocation (malloc) failed to allocate 1702528 bytes for Chunk::new
# Possible reasons:
#   The system is out of physical RAM or swap space
#   In 32 bit mode, the process size limit was hit
# Possible solutions:
#   Reduce memory load on the system
#   Increase physical memory or swap space
#   Check if swap backing store is full
#   Use 64 bit Java on a 64 bit OS
#   Decrease Java heap size (-Xmx/-Xms)
#   Decrease number of Java threads
#   Decrease Java thread stack sizes (-Xss)
#   Set larger code cache with -XX:ReservedCodeCacheSize=
# This output file may be truncated or incomplete.
#
#  Out of Memory Error (allocation.cpp:390), pid=6304, tid=0x0000000000001418
#
# JRE version: OpenJDK Runtime Environment (8.0_76-b03) (build 1.8.0_76-release-b03)
# Java VM: OpenJDK 64-Bit Server VM (25.76-b03 mixed mode windows-amd64 compressed oops)
# Failed to write core dump. Minidumps are not enabled by default on client versions of Windows
#

---------------  T H R E A D  ---------------

Current thread (0x00000000169ff000):  JavaThread "C2 CompilerThread1" daemon [_thread_in_native, id=5144, stack(0x0000000018140000,0x0000000018240000)]

Stack: [0x0000000018140000,0x0000000018240000]
[error occurred during error reporting (printing stack bounds), id 0xc0000005]

Native frames: (J=compiled Java code, j=interpreted, Vv=VM code, C=native code)


Current CompileTask:
C2:  18117 1753       4       java.net.URLClassLoader$1::run (5 bytes)


---------------  P R O C E S S  ---------------

Java Threads: ( => current thread )
  0x000000001c18a800 JavaThread "File lock request listener" [_thread_in_native, id=4632, stack(0x000000001c5e0000,0x000000001c6e0000)]
  0x0000000019741800 JavaThread "Stdin handler" [_thread_blocked, id=1648, stack(0x000000001af10000,0x000000001b010000)]
  0x00000000195ed000 JavaThread "Asynchronous log dispatcher for org.gradle.launcher.daemon.server.DefaultDaemonConnection@79deb66a" [_thread_blocked, id=9128, stack(0x000000001ae10000,0x000000001af10000)]
  0x0000000019748800 JavaThread "Daemon worker" [_thread_in_native, id=1956, stack(0x000000001ad10000,0x000000001ae10000)]
  0x0000000019747800 JavaThread "Cancel handler" [_thread_blocked, id=7384, stack(0x000000001ac10000,0x000000001ad10000)]
  0x000000001964c000 JavaThread "Handler for socket connection from /127.0.0.1:62394 to /127.0.0.1:62395" [_thread_in_native, id=9752, stack(0x000000001ab10000,0x000000001ac10000)]
  0x0000000019649000 JavaThread "Daemon" [_thread_blocked, id=7592, stack(0x000000001aa10000,0x000000001ab10000)]
  0x00000000195f3800 JavaThread "pool-1-thread-1" [_thread_blocked, id=9528, stack(0x000000001a910000,0x000000001aa10000)]
  0x000000001977e000 JavaThread "Incoming local TCP Connector on port 62394" [_thread_in_native, id=6840, stack(0x000000001a4e0000,0x000000001a5e0000)]
  0x000000001835c800 JavaThread "Service Thread" daemon [_thread_blocked, id=6968, stack(0x0000000018740000,0x0000000018840000)]
  0x0000000016a2b000 JavaThread "C1 CompilerThread2" daemon [_thread_blocked, id=4472, stack(0x0000000018240000,0x0000000018340000)]
=>0x00000000169ff000 JavaThread "C2 CompilerThread1" daemon [_thread_in_native, id=5144, stack(0x0000000018140000,0x0000000018240000)]
  0x00000000169fd000 JavaThread "C2 CompilerThread0" daemon [_thread_in_native, id=1892, stack(0x0000000018040000,0x0000000018140000)]
  0x00000000169fc000 JavaThread "Attach Listener" daemon [_thread_blocked, id=9480, stack(0x0000000017f40000,0x0000000018040000)]
  0x00000000169fb000 JavaThread "Signal Dispatcher" daemon [_thread_blocked, id=5484, stack(0x0000000017e40000,0x0000000017f40000)]
  0x00000000169e8800 JavaThread "Finalizer" daemon [_thread_blocked, id=6660, stack(0x0000000017c50000,0x0000000017d50000)]
  0x0000000003082000 JavaThread "Reference Handler" daemon [_thread_blocked, id=4568, stack(0x0000000017b50000,0x0000000017c50000)]
  0x0000000002f91000 JavaThread "main" [_thread_blocked, id=4132, stack(0x0000000002e90000,0x0000000002f90000)]

Other Threads:
  0x00000000169c6800 VMThread [stack: 0x0000000017a50000,0x0000000017b50000] [id=5952]
  0x000000001835d800 WatcherThread [stack: 0x0000000018840000,0x0000000018940000] [id=6816]

VM state:not at safepoint (normal execution)

VM Mutex/Monitor currently owned by a thread: None

Heap:
 PSYoungGen      total 35328K, used 10512K [0x00000000e0000000, 0x00000000e5100000, 0x0000000100000000)
  eden space 32768K, 24% used [0x00000000e0000000,0x00000000e07c40d8,0x00000000e2000000)
  from space 2560K, 100% used [0x00000000e2000000,0x00000000e2280000,0x00000000e2280000)
  to   space 8704K, 0% used [0x00000000e4880000,0x00000000e4880000,0x00000000e5100000)
 ParOldGen       total 44032K, used 10095K [0x00000000a0000000, 0x00000000a2b00000, 0x00000000e0000000)
  object space 44032K, 22% used [0x00000000a0000000,0x00000000a09dbc70,0x00000000a2b00000)
 Metaspace       used 19594K, capacity 19992K, committed 20096K, reserved 1067008K
  class space    used 2534K, capacity 2666K, committed 2688K, reserved 1048576K

Card table byte_map: [0x0000000012450000,0x0000000012760000] byte_map_base: 0x0000000011f50000

Marking Bits: (ParMarkBitMap*) 0x0000000055389d00
 Begin Bits: [0x0000000012d60000, 0x0000000014560000)
 End Bits:   [0x0000000014560000, 0x0000000015d60000)

Polling page: 0x0000000001660000

CodeCache: size=245760Kb used=7463Kb max_used=7463Kb free=238296Kb
 bounds [0x0000000003090000, 0x00000000037e0000, 0x0000000012090000]
 total_blobs=2441 nmethods=1821 adapters=533
 compilation: enabled

Compilation events (10 events):
Event: 17.576 Thread 0x0000000016a2b000 1823       3       org.codehaus.groovy.reflection.CachedField::getModifiers (8 bytes)
Event: 17.576 Thread 0x0000000016a2b000 nmethod 1823 0x00000000037dae50 code [0x00000000037dafa0, 0x00000000037db190]
Event: 17.577 Thread 0x0000000016a2b000 1824       3       java.util.LinkedList::<init> (10 bytes)
Event: 17.577 Thread 0x0000000016a2b000 nmethod 1824 0x00000000037db250 code [0x00000000037db3c0, 0x00000000037db690]
Event: 17.583 Thread 0x0000000016a2b000 1825       3       java.util.LinkedList$ListItr::<init> (47 bytes)
Event: 17.584 Thread 0x0000000016a2b000 nmethod 1825 0x00000000037db7d0 code [0x00000000037db940, 0x00000000037dbbe8]
Event: 17.586 Thread 0x0000000016a2b000 1826   !   3       org.gradle.internal.service.DefaultServiceRegistry$DefaultLookupContext::find (73 bytes)
Event: 17.588 Thread 0x0000000016a2b000 nmethod 1826 0x00000000037dbd10 code [0x00000000037dbfa0, 0x00000000037dd068]
Event: 17.684 Thread 0x0000000016a2b000 1827       1       java.util.Formatter::access$000 (5 bytes)
Event: 17.684 Thread 0x0000000016a2b000 nmethod 1827 0x00000000037ddad0 code [0x00000000037ddc20, 0x00000000037ddd10]

GC Heap History (10 events):
Event: 1.003 GC heap before
{Heap before GC invocations=1 (full 0):
 PSYoungGen      total 18944K, used 16384K [0x00000000e0000000, 0x00000000e1500000, 0x0000000100000000)
  eden space 16384K, 100% used [0x00000000e0000000,0x00000000e1000000,0x00000000e1000000)
  from space 2560K, 0% used [0x00000000e1280000,0x00000000e1280000,0x00000000e1500000)
  to   space 2560K, 0% used [0x00000000e1000000,0x00000000e1000000,0x00000000e1280000)
 ParOldGen       total 44032K, used 0K [0x00000000a0000000, 0x00000000a2b00000, 0x00000000e0000000)
  object space 44032K, 0% used [0x00000000a0000000,0x00000000a0000000,0x00000000a2b00000)
 Metaspace       used 5575K, capacity 6168K, committed 6400K, reserved 1056768K
  class space    used 699K, capacity 760K, committed 768K, reserved 1048576K
Event: 1.009 GC heap after
Heap after GC invocations=1 (full 0):
 PSYoungGen      total 18944K, used 2558K [0x00000000e0000000, 0x00000000e1500000, 0x0000000100000000)
  eden space 16384K, 0% used [0x00000000e0000000,0x00000000e0000000,0x00000000e1000000)
  from space 2560K, 99% used [0x00000000e1000000,0x00000000e127f890,0x00000000e1280000)
  to   space 2560K, 0% used [0x00000000e1280000,0x00000000e1280000,0x00000000e1500000)
 ParOldGen       total 44032K, used 460K [0x00000000a0000000, 0x00000000a2b00000, 0x00000000e0000000)
  object space 44032K, 1% used [0x00000000a0000000,0x00000000a0073328,0x00000000a2b00000)
 Metaspace       used 5575K, capacity 6168K, committed 6400K, reserved 1056768K
  class space    used 699K, capacity 760K, committed 768K, reserved 1048576K
}
Event: 1.586 GC heap before
{Heap before GC invocations=2 (full 0):
 PSYoungGen      total 18944K, used 18942K [0x00000000e0000000, 0x00000000e1500000, 0x0000000100000000)
  eden space 16384K, 100% used [0x00000000e0000000,0x00000000e1000000,0x00000000e1000000)
  from space 2560K, 99% used [0x00000000e1000000,0x00000000e127f890,0x00000000e1280000)
  to   space 2560K, 0% used [0x00000000e1280000,0x00000000e1280000,0x00000000e1500000)
 ParOldGen       total 44032K, used 460K [0x00000000a0000000, 0x00000000a2b00000, 0x00000000e0000000)
  object space 44032K, 1% used [0x00000000a0000000,0x00000000a0073328,0x00000000a2b00000)
 Metaspace       used 5879K, capacity 6416K, committed 6528K, reserved 1056768K
  class space    used 748K, capacity 800K, committed 896K, reserved 1048576K
Event: 1.611 GC heap after
Heap after GC invocations=2 (full 0):
 PSYoungGen      total 18944K, used 2028K [0x00000000e0000000, 0x00000000e2500000, 0x0000000100000000)
  eden space 16384K, 0% used [0x00000000e0000000,0x00000000e0000000,0x00000000e1000000)
  from space 2560K, 79% used [0x00000000e1280000,0x00000000e147b2c0,0x00000000e1500000)
  to   space 2560K, 0% used [0x00000000e1000000,0x00000000e1000000,0x00000000e1280000)
 ParOldGen       total 44032K, used 468K [0x00000000a0000000, 0x00000000a2b00000, 0x00000000e0000000)
  object space 44032K, 1% used [0x00000000a0000000,0x00000000a0075328,0x00000000a2b00000)
 Metaspace       used 5879K, capacity 6416K, committed 6528K, reserved 1056768K
  class space    used 748K, capacity 800K, committed 896K, reserved 1048576K
}
Event: 4.300 GC heap before
{Heap before GC invocations=3 (full 0):
 PSYoungGen      total 18944K, used 18412K [0x00000000e0000000, 0x00000000e2500000, 0x0000000100000000)
  eden space 16384K, 100% used [0x00000000e0000000,0x00000000e1000000,0x00000000e1000000)
  from space 2560K, 79% used [0x00000000e1280000,0x00000000e147b2c0,0x00000000e1500000)
  to   space 2560K, 0% used [0x00000000e1000000,0x00000000e1000000,0x00000000e1280000)
 ParOldGen       total 44032K, used 468K [0x00000000a0000000, 0x00000000a2b00000, 0x00000000e0000000)
  object space 44032K, 1% used [0x00000000a0000000,0x00000000a0075328,0x00000000a2b00000)
 Metaspace       used 11017K, capacity 11386K, committed 11520K, reserved 1058816K
  class space    used 1408K, capacity 1535K, committed 1536K, reserved 1048576K
Event: 4.317 GC heap after
Heap after GC invocations=3 (full 0):
 PSYoungGen      total 18944K, used 2560K [0x00000000e0000000, 0x00000000e2500000, 0x0000000100000000)
  eden space 16384K, 0% used [0x00000000e0000000,0x00000000e0000000,0x00000000e1000000)
  from space 2560K, 100% used [0x00000000e1000000,0x00000000e1280000,0x00000000e1280000)
  to   space 2560K, 0% used [0x00000000e2280000,0x00000000e2280000,0x00000000e2500000)
 ParOldGen       total 44032K, used 1969K [0x00000000a0000000, 0x00000000a2b00000, 0x00000000e0000000)
  object space 44032K, 4% used [0x00000000a0000000,0x00000000a01ec5e8,0x00000000a2b00000)
 Metaspace       used 11017K, capacity 11386K, committed 11520K, reserved 1058816K
  class space    used 1408K, capacity 1535K, committed 1536K, reserved 1048576K
}
Event: 5.734 GC heap before
{Heap before GC invocations=4 (full 0):
 PSYoungGen      total 18944K, used 18944K [0x00000000e0000000, 0x00000000e2500000, 0x0000000100000000)
  eden space 16384K, 100% used [0x00000000e0000000,0x00000000e1000000,0x00000000e1000000)
  from space 2560K, 100% used [0x00000000e1000000,0x00000000e1280000,0x00000000e1280000)
  to   space 2560K, 0% used [0x00000000e2280000,0x00000000e2280000,0x00000000e2500000)
 ParOldGen       total 44032K, used 1969K [0x00000000a0000000, 0x00000000a2b00000, 0x00000000e0000000)
  object space 44032K, 4% used [0x00000000a0000000,0x00000000a01ec5e8,0x00000000a2b00000)
 Metaspace       used 12707K, capacity 13054K, committed 13184K, reserved 1060864K
  class space    used 1695K, capacity 1813K, committed 1920K, reserved 1048576K
Event: 5.744 GC heap after
Heap after GC invocations=4 (full 0):
 PSYoungGen      total 35328K, used 2528K [0x00000000e0000000, 0x00000000e2500000, 0x0000000100000000)
  eden space 32768K, 0% used [0x00000000e0000000,0x00000000e0000000,0x00000000e2000000)
  from space 2560K, 98% used [0x00000000e2280000,0x00000000e24f8020,0x00000000e2500000)
  to   space 2560K, 0% used [0x00000000e2000000,0x00000000e2000000,0x00000000e2280000)
 ParOldGen       total 44032K, used 3948K [0x00000000a0000000, 0x00000000a2b00000, 0x00000000e0000000)
  object space 44032K, 8% used [0x00000000a0000000,0x00000000a03db108,0x00000000a2b00000)
 Metaspace       used 12707K, capacity 13054K, committed 13184K, reserved 1060864K
  class space    used 1695K, capacity 1813K, committed 1920K, reserved 1048576K
}
Event: 16.869 GC heap before
{Heap before GC invocations=5 (full 0):
 PSYoungGen      total 35328K, used 35296K [0x00000000e0000000, 0x00000000e2500000, 0x0000000100000000)
  eden space 32768K, 100% used [0x00000000e0000000,0x00000000e2000000,0x00000000e2000000)
  from space 2560K, 98% used [0x00000000e2280000,0x00000000e24f8020,0x00000000e2500000)
  to   space 2560K, 0% used [0x00000000e2000000,0x00000000e2000000,0x00000000e2280000)
 ParOldGen       total 44032K, used 3948K [0x00000000a0000000, 0x00000000a2b00000, 0x00000000e0000000)
  object space 44032K, 8% used [0x00000000a0000000,0x00000000a03db108,0x00000000a2b00000)
 Metaspace       used 18702K, capacity 19058K, committed 19328K, reserved 1067008K
  class space    used 2501K, capacity 2632K, committed 2688K, reserved 1048576K
Event: 16.888 GC heap after
Heap after GC invocations=5 (full 0):
 PSYoungGen      total 35328K, used 2560K [0x00000000e0000000, 0x00000000e5100000, 0x0000000100000000)
  eden space 32768K, 0% used [0x00000000e0000000,0x00000000e0000000,0x00000000e2000000)
  from space 2560K, 100% used [0x00000000e2000000,0x00000000e2280000,0x00000000e2280000)
  to   space 8704K, 0% used [0x00000000e4880000,0x00000000e4880000,0x00000000e5100000)
 ParOldGen       total 44032K, used 10095K [0x00000000a0000000, 0x00000000a2b00000, 0x00000000e0000000)
  object space 44032K, 22% used [0x00000000a0000000,0x00000000a09dbc70,0x00000000a2b00000)
 Metaspace       used 18702K, capacity 19058K, committed 19328K, reserved 1067008K
  class space    used 2501K, capacity 2632K, committed 2688K, reserved 1048576K
}

Deoptimization events (10 events):
Event: 12.134 Thread 0x0000000019748800 Uncommon trap: reason=bimorphic action=maybe_recompile pc=0x00000000035f6414 method=java.lang.ClassLoader.getPackage(Ljava/lang/String;)Ljava/lang/Package; @ 47
Event: 13.345 Thread 0x0000000019748800 Uncommon trap: reason=bimorphic action=maybe_recompile pc=0x00000000035f6414 method=java.lang.ClassLoader.getPackage(Ljava/lang/String;)Ljava/lang/Package; @ 47
Event: 15.482 Thread 0x0000000019748800 Uncommon trap: reason=unstable_if action=reinterpret pc=0x0000000003394b20 method=java.lang.AbstractStringBuilder.append(Ljava/lang/String;)Ljava/lang/AbstractStringBuilder; @ 1
Event: 15.482 Thread 0x0000000019748800 Uncommon trap: reason=unstable_if action=reinterpret pc=0x00000000032c794c method=java.lang.AbstractStringBuilder.append(Ljava/lang/String;)Ljava/lang/AbstractStringBuilder; @ 1
Event: 16.724 Thread 0x0000000019748800 Uncommon trap: reason=class_check action=maybe_recompile pc=0x000000000344817c method=sun.misc.URLClassPath.getLoader(I)Lsun/misc/URLClassPath$Loader; @ 94
Event: 16.724 Thread 0x0000000019748800 Uncommon trap: reason=class_check action=maybe_recompile pc=0x000000000364a250 method=sun.misc.URLClassPath.getResource(Ljava/lang/String;Z)Lsun/misc/Resource; @ 62
Event: 16.724 Thread 0x0000000019748800 Uncommon trap: reason=unstable_if action=reinterpret pc=0x000000000345abb8 method=sun.net.www.ParseUtil.encodePath(Ljava/lang/String;Z)Ljava/lang/String; @ 109
Event: 16.867 Thread 0x0000000019748800 Uncommon trap: reason=class_check action=maybe_recompile pc=0x0000000003448290 method=sun.misc.URLClassPath.getLoader(I)Lsun/misc/URLClassPath$Loader; @ 193
Event: 16.916 Thread 0x0000000019748800 Uncommon trap: reason=class_check action=maybe_recompile pc=0x0000000003448290 method=sun.misc.URLClassPath.getLoader(I)Lsun/misc/URLClassPath$Loader; @ 193
Event: 16.985 Thread 0x0000000019748800 Uncommon trap: reason=class_check action=maybe_recompile pc=0x0000000003448290 method=sun.misc.URLClassPath.getLoader(I)Lsun/misc/URLClassPath$Loader; @ 193

Internal exceptions (10 events):
Event: 17.005 Thread 0x0000000019748800 Exception <a 'java/lang/ClassNotFoundException': groovy/lang/Closure$1BeanInfo> (0x00000000e01a0228) thrown at [C:\src\android\AOSP-openjdk\external\jetbrains\jdk\hotspot\src\share\vm\classfile\systemDictionary.cpp, line 210]
Event: 17.007 Thread 0x0000000019748800 Exception <a 'java/lang/ClassNotFoundException': groovy/lang/ClosureBeanInfo> (0x00000000e01b3ea8) thrown at [C:\src\android\AOSP-openjdk\external\jetbrains\jdk\hotspot\src\share\vm\classfile\systemDictionary.cpp, line 210]
Event: 17.008 Thread 0x0000000019748800 Exception <a 'java/lang/ClassNotFoundException': groovy/lang/ClosureCustomizer> (0x00000000e01c82d0) thrown at [C:\src\android\AOSP-openjdk\external\jetbrains\jdk\hotspot\src\share\vm\classfile\systemDictionary.cpp, line 210]
Event: 17.033 Thread 0x0000000019748800 Exception <a 'java/lang/ClassNotFoundException': groovy/lang/Closure$1Customizer> (0x00000000e02056e8) thrown at [C:\src\android\AOSP-openjdk\external\jetbrains\jdk\hotspot\src\share\vm\classfile\systemDictionary.cpp, line 210]
Event: 17.491 Thread 0x0000000019748800 Exception <a 'java/lang/ClassNotFoundException': org/gradle/invocation/DefaultGradle_DecoratedBeanInfo> (0x00000000e0640268) thrown at [C:\src\android\AOSP-openjdk\external\jetbrains\jdk\hotspot\src\share\vm\classfile\systemDictionary.cpp, line 210]
Event: 17.493 Thread 0x0000000019748800 Exception <a 'java/lang/ClassNotFoundException': org/gradle/invocation/DefaultGradleBeanInfo> (0x00000000e065af40) thrown at [C:\src\android\AOSP-openjdk\external\jetbrains\jdk\hotspot\src\share\vm\classfile\systemDictionary.cpp, line 210]
Event: 17.495 Thread 0x0000000019748800 Exception <a 'java/lang/ClassNotFoundException': org/gradle/api/internal/project/AbstractPluginAwareBeanInfo> (0x00000000e067b588) thrown at [C:\src\android\AOSP-openjdk\external\jetbrains\jdk\hotspot\src\share\vm\classfile\systemDictionary.cpp, line 210]
Event: 17.496 Thread 0x0000000019748800 Exception <a 'java/lang/ClassNotFoundException': org/gradle/api/internal/project/AbstractPluginAwareCustomizer> (0x00000000e069c3b0) thrown at [C:\src\android\AOSP-openjdk\external\jetbrains\jdk\hotspot\src\share\vm\classfile\systemDictionary.cpp, line 210Â¼Ú\Ã‚1@
Event: 17.511 Thread 0x0000000019748800 Exception <a 'java/lang/ClassNotFoundException': org/gradle/invocation/DefaultGradleCustomizer> (0x00000000e06bda10) thrown at [C:\src\android\AOSP-openjdk\external\jetbrains\jdk\hotspot\src\share\vm\classfile\systemDictionary.cpp, line 210]
Event: 17.525 Thread 0x0000000019748800 Exception <a 'java/lang/ClassNotFoundException': org/gradle/invocation/DefaultGradle_DecoratedCustomizer> (0x00000000e06ff198) thrown at [C:\src\android\AOSP-openjdk\external\jetbrains\jdk\hotspot\src\share\vm\classfile\systemDictionary.cpp, line 210]

Events (10 events):
Event: 17.524 loading class org/gradle/invocation/DefaultGradle_DecoratedCustomizer
Event: 17.524 loading class org/gradle/invocation/DefaultGradle_DecoratedCustomizer done
Event: 17.524 loading class org/gradle/invocation/DefaultGradle_DecoratedCustomizer
Event: 17.524 loading class org/gradle/invocation/DefaultGradle_DecoratedCustomizer done
Event: 17.524 loading class org/gradle/invocation/DefaultGradle_DecoratedCustomizer
Event: 17.524 loading class org/gradle/invocation/DefaultGradle_DecoratedCustomizer done
Event: 17.578 loading class org/gradle/api/InvalidActionClosureException
Event: 17.578 loading class org/gradle/api/InvalidActionClosureException done
Event: 17.580 loading class org/gradle/invocation/DefaultGradle$2
Event: 17.581 loading class org/gradle/invocation/DefaultGradle$2 done


Dynamic libraries:
0x00007ff752350000 - 0x00007ff752381000 	C:\Program Files\Android\Android Studio\jre\bin\java.exe
0x00007ffd4c290000 - 0x00007ffd4c462000 	C:\WINDOWS\SYSTEM32\ntdll.dll
0x00007ffd49920000 - 0x00007ffd499cc000 	C:\WINDOWS\System32\KERNEL32.DLL
0x00007ffd48e80000 - 0x00007ffd4909d000 	C:\WINDOWS\System32\KERNELBASE.dll
0x00007ffd4a650000 - 0x00007ffd4a6f2000 	C:\WINDOWS\System32\ADVAPI32.dll
0x00007ffd49f20000 - 0x00007ffd49fbe000 	C:\WINDOWS\System32\msvcrt.dll
0x00007ffd4a5f0000 - 0x00007ffd4a649000 	C:\WINDOWS\System32\sechost.dll
0x00007ffd4a4c0000 - 0x00007ffd4a5e1000 	C:\WINDOWS\System32\RPCRT4.dll
0x00007ffd49fc0000 - 0x00007ffd4a125000 	C:\WINDOWS\System32\USER32.dll
0x00007ffd48800000 - 0x00007ffd4881e000 	C:\WINDOWS\System32\win32u.dll
0x00007ffd4a280000 - 0x00007ffd4a2b4000 	C:\WINDOWS\System32\GDI32.dll
0x00007ffd48d00000 - 0x00007ffd48e80000 	C:\WINDOWS\System32\gdi32full.dll
0x00007ffd3ea10000 - 0x00007ffd3ec8a000 	C:\WINDOWS\WinSxS\amd64_microsoft.windows.common-controls_6595b64144ccf1df_6.0.14393.953_none_42151e83c686086b\COMCTL32.dll
0x00007ffd49b70000 - 0x00007ffd49e38000 	C:\WINDOWS\System32\combase.dll
0x00007ffd48820000 - 0x00007ffd48915000 	C:\WINDOWS\System32\ucrtbase.dll
0x00007ffd48790000 - 0x00007ffd487fa000 	C:\WINDOWS\System32\bcryptPrimitives.dll
0x00007ffd499e0000 - 0x00007ffd49a0e000 	C:\WINDOWS\System32\IMM32.DLL
0x0000000054af0000 - 0x0000000054bc2000 	C:\Program Files\Android\Android Studio\jre\jre\bin\msvcr100.dll
0x0000000054bd0000 - 0x0000000055404000 	C:\Program Files\Android\Android Studio\jre\jre\bin\server\jvm.dll
0x00007ffd4a270000 - 0x00007ffd4a278000 	C:\WINDOWS\System32\PSAPI.DLL
0x00007ffd46c60000 - 0x00007ffd46c83000 	C:\WINDOWS\SYSTEM32\WINMM.dll
0x00007ffd46ce0000 - 0x00007ffd46ce9000 	C:\WINDOWS\SYSTEM32\WSOCK32.dll
0x00007ffd3d420000 - 0x00007ffd3d42a000 	C:\WINDOWS\SYSTEM32\VERSION.dll
0x00007ffd4a700000 - 0x00007ffd4a76a000 	C:\WINDOWS\System32\WS2_32.dll
0x00007ffd46c00000 - 0x00007ffd46c2b000 	C:\WINDOWS\SYSTEM32\WINMMBASE.dll
0x00007ffd48b50000 - 0x00007ffd48b92000 	C:\WINDOWS\System32\cfgmgr32.dll
0x00007ffd46cd0000 - 0x00007ffd46cdf000 	C:\Program Files\Android\Android Studio\jre\jre\bin\verify.dll
0x00007ffd46810000 - 0x00007ffd46839000 	C:\Program Files\Android\Android Studio\jre\jre\bin\java.dll
0x00007ffd46bd0000 - 0x00007ffd46be6000 	C:\Program Files\Android\Android Studio\jre\jre\bin\zip.dll
0x00007ffd4acc0000 - 0x00007ffd4c1c8000 	C:\WINDOWS\System32\SHELL32.dll
0x00007ffd49140000 - 0x00007ffd49818000 	C:\WINDOWS\System32\windows.storage.dll
0x00007ffd48720000 - 0x00007ffd4876c000 	C:\WINDOWS\System32\powrprof.dll
0x00007ffd49e60000 - 0x00007ffd49eb2000 	C:\WINDOWS\System32\shlwapi.dll
0x00007ffd48700000 - 0x00007ffd4870f000 	C:\WINDOWS\System32\kernel.appcore.dll
0x00007ffd48ba0000 - 0x00007ffd48c49000 	C:\WINDOWS\System32\shcore.dll
0x00007ffd48770000 - 0x00007ffd48784000 	C:\WINDOWS\System32\profapi.dll
0x00007ffd46530000 - 0x00007ffd4654a000 	C:\Program Files\Android\Android Studio\jre\jre\bin\net.dll
0x00007ffd48030000 - 0x00007ffd4808c000 	C:\WINDOWS\system32\mswsock.dll
0x00007ffd464b0000 - 0x00007ffd464c1000 	C:\Program Files\Android\Android Studio\jre\jre\bin\nio.dll
0x00007ffd42f20000 - 0x00007ffd42f32000 	C:\Users\Elfari\.gradle\native\19\windows-amd64\native-platform.dll
0x00007ffd481d0000 - 0x00007ffd481e7000 	C:\WINDOWS\SYSTEM32\CRYPTSP.dll
0x00007ffd47c30000 - 0x00007ffd47c63000 	C:\WINDOWS\system32\rsaenh.dll
0x00007ffd48640000 - 0x00007ffd4866b000 	C:\WINDOWS\SYSTEM32\bcrypt.dll
0x00007ffd47eb0000 - 0x00007ffd47ecf000 	C:\WINDOWS\SYSTEM32\USERENV.dll
0x00007ffd481f0000 - 0x00007ffd481fb000 	C:\WINDOWS\SYSTEM32\CRYPTBASE.dll
0x00007ffd47db0000 - 0x00007ffd47de8000 	C:\WINDOWS\SYSTEM32\IPHLPAPI.DLL
0x00007ffd4acb0000 - 0x00007ffd4acb8000 	C:\WINDOWS\System32\NSI.dll
0x00007ffd40660000 - 0x00007ffd40676000 	C:\WINDOWS\SYSTEM32\dhcpcsvc6.DLL
0x00007ffd40640000 - 0x00007ffd4065a000 	C:\WINDOWS\SYSTEM32\dhcpcsvc.DLL
0x00007ffd46520000 - 0x00007ffd4652d000 	C:\Program Files\Android\Android Studio\jre\jre\bin\management.dll

VM Arguments:
jvm_args: -Xmx1536m -Dfile.encoding=windows-1252 -Duser.country=US -Duser.language=en -Duser.variant 
java_command: org.gradle.launcher.daemon.bootstrap.GradleDaemon 2.14.1
java_class_path (initial): C:\Program Files\Android\Android Studio\gradle\gradle-2.14.1\lib\gradle-launcher-2.14.1.jar
Launcher Type: SUN_STANDARD

Environment Variables:
PATH=C:\Program Files (x86)\AMD APP\bin\x86_64;C:\Program Files (x86)\AMD APP\bin\x86;C:\ProgramData\Oracle\Java\javapath;C:\WINDOWS\system32;C:\WINDOWS;C:\WINDOWS\System32\Wbem;C:\WINDOWS\System32\WindowsPowerShell\v1.0\;C:\Program Files\Microsoft SQL Server\110\DTS\Binn\;C:\Program Files (x86)\Microsoft SQL Server\110\Tools\Binn\;C:\Program Files\Microsoft SQL Server\110\Tools\Binn\;C:\Program Files (x86)\Microsoft SQL Server\110\Tools\Binn\ManagementStudio\;C:\Program Files (x86)\Microsoft Visual Studio 10.0\Common7\IDE\PrivateAssemblies\;C:\Program Files (x86)\Microsoft SQL Server\110\DTS\Binn\;C:\WINDOWS\system32\config\systemprofile\.dnx\bin;C:\Program Files\Microsoft DNX\Dnvm\;C:\Program Files\Microsoft SQL Server\130\Tools\Binn\;C:\Program Files (x86)\ATI Technologies\ATI.ACE\Core-Static;C:\Program Files\Git\cmd;C:\Program Files (x86)\Rational\ClearQuest;C:\Program Files (x86)\GtkSharp\2.12\bin;C:\Program Files\Java\jdk1.8.0_74\bin;C:\Users\Elfari\AppData\Local\Microsoft\WindowsApps;
USERNAME=Elfari
SHELL=C:\PROGRA~2\RATIONAL\RATION~1\NUTCROOT\mksnt\sh.exe
DISPLAY=:0.0
OS=Windows_NT
PROCESSOR_IDENTIFIER=Intel64 Family 6 Model 42 Stepping 7, GenuineIntel



---------------  S Y S T E M  ---------------

OS: Windows 10.0 , 64 bit Build 14393 (10.0.14393.1198)

CPU:total 4 (2 cores per cpu, 2 threads per core) family 6 model 42 stepping 7, cmov, cx8, fxsr, mmx, sse, sse2, sse3, ssse3, sse4.1, sse4.2, popcnt, avx, aes, clmul, ht, tsc, tscinvbit

Memory: 4k page, physical 4085928k(603540k free), swap 4085928k(5952k free)

vm_info: OpenJDK 64-Bit Server VM (25.76-b03) for windows-amd64 JRE (1.8.0_76-release-b03), built on Jun 29 2016 19:09:20 by "ralucas" with MS VC++ 10.0 (VS2010)

time: Tue Nov 21 20:07:21 2017
elapsed time: 18 seconds (0d 0h 0m 18s)

